Arguments: 
  /usr/local/Cellar/node/8.9.0/bin/node /usr/local/bin/yarn

PATH: 
  /Users/swansons/anaconda/bin:/usr/local/bin/:/usr/local/share/npm/bin:/Library/PostgreSQL/9.3/bin/:/Library/Frameworks/Python.framework/Versions/3.4/bin:/usr/local/bin:/usr/bin:/bin:/usr/sbin:/sbin:/opt/X11/bin:/Applications/Wireshark.app/Contents/MacOS:/Applications/Visual Studio Code.app/Contents/Resources/app/bin:/usr/local/Cellar/scala/2.11.8/bin

Yarn version: 
  0.16.1

Node version: 
  8.9.0

Platform: 
  darwin x64

npm manifest: 
  {
    "name": "ember-validations",
    "version": "2.0.0-alpha.5",
    "description": "Validations for Ember Objects",
    "directories": {
      "doc": "doc",
      "test": "tests"
    },
    "scripts": {
      "build": "ember build",
      "start": "ember server",
      "test": "ember try:each"
    },
    "repository": "https://github.com/dockyard/ember-validations",
    "engines": {
      "node": ">= 0.10.0"
    },
    "author": "Brian Cardarella",
    "license": "MIT",
    "devDependencies": {
      "broccoli-asset-rev": "^2.4.2",
      "ember-ajax": "^2.0.1",
      "ember-cli": "2.7.0",
      "ember-cli-app-version": "^1.0.0",
      "ember-cli-dependency-checker": "^1.2.0",
      "ember-cli-htmlbars": "^1.0.3",
      "ember-cli-htmlbars-inline-precompile": "^0.3.1",
      "ember-cli-inject-live-reload": "^1.4.0",
      "ember-cli-jshint": "^1.0.0",
      "ember-cli-qunit": "^2.0.0",
      "ember-cli-release": "^0.2.9",
      "ember-cli-sri": "^2.1.0",
      "ember-cli-test-loader": "^1.1.0",
      "ember-cli-uglify": "^1.2.0",
      "ember-disable-prototype-extensions": "^1.1.0",
      "ember-export-application-global": "^1.0.5",
      "ember-load-initializers": "^0.5.1",
      "ember-resolver": "^2.0.3",
      "ember-suave": "4.0.0",
      "ember-test-container": "0.1.0",
      "loader.js": "^4.0.1"
    },
    "keywords": [
      "ember-addon"
    ],
    "dependencies": {
      "ember-cli-babel": "^5.1.6",
    },
    "ember-addon": {
      "configPath": "tests/dummy/config"
    }
  }

yarn manifest: 
  No manifest

bower manifest: 
  {
    "name": "ember-validations",
    "dependencies": {
      "ember": "~2.7.0",
      "ember-cli-shims": "0.1.1",
      "ember-qunit-notifications": "0.1.0"
    }
  }

Lockfile: 
  No lockfile

Trace: 
  SyntaxError: /Users/swansons/projects/ember-validations/package.json: Unexpected token } in JSON at position 1346
      at JSON.parse (<anonymous>)
      at /usr/local/Cellar/yarn/0.16.1/libexec/lib/node_modules/yarn/lib/util/fs.js:271:57
      at Generator.next (<anonymous>)
      at step (/usr/local/Cellar/yarn/0.16.1/libexec/lib/node_modules/yarn/node_modules/babel-runtime/helpers/asyncToGenerator.js:17:30)
      at /usr/local/Cellar/yarn/0.16.1/libexec/lib/node_modules/yarn/node_modules/babel-runtime/helpers/asyncToGenerator.js:28:20
      at <anonymous>
